INFO 2026-04-20 17:17:00,022 autoreload 22789 139724176391104 Watching for file changes with StatReloader
WARNING 2026-04-20 17:21:56,163 log 22789 139723886540480 Not Found: /.well-known/appspecific/com.chrome.devtools.json
INFO 2026-04-21 13:57:36,928 autoreload 7729 139652187605952 Watching for file changes with StatReloader
WARNING 2026-04-21 13:57:42,767 log 7729 139651898762944 Not Found: /favicon.ico
INFO 2026-04-21 13:57:52,177 autoreload 7729 139652187605952 /home/winnoer/Documents/Projects/App/pick-my-distro/backend/AdminPage/views.py changed, reloading.
INFO 2026-04-21 13:57:52,563 autoreload 7878 140271990516672 Watching for file changes with StatReloader
INFO 2026-04-21 14:01:44,973 autoreload 7878 140271990516672 /home/winnoer/Documents/Projects/App/pick-my-distro/backend/AdminPage/views.py changed, reloading.
INFO 2026-04-21 14:01:45,370 autoreload 8113 140708569152448 Watching for file changes with StatReloader
INFO 2026-04-21 14:01:53,524 autoreload 8113 140708569152448 /home/winnoer/Documents/Projects/App/pick-my-distro/backend/AdminPage/views.py changed, reloading.
INFO 2026-04-21 14:01:53,899 autoreload 8163 139873869589440 Watching for file changes with StatReloader
INFO 2026-04-21 14:02:02,056 autoreload 8163 139873869589440 /home/winnoer/Documents/Projects/App/pick-my-distro/backend/AdminPage/urls.py changed, reloading.
INFO 2026-04-21 14:02:02,426 autoreload 8196 140138626804672 Watching for file changes with StatReloader
INFO 2026-04-21 14:02:46,765 autoreload 8196 140138626804672 /home/winnoer/Documents/Projects/App/pick-my-distro/backend/AdminPage/urls.py changed, reloading.
INFO 2026-04-21 14:02:47,164 autoreload 8263 140709378370496 Watching for file changes with StatReloader
INFO 2026-04-21 14:10:57,347 autoreload 8263 140709378370496 /home/winnoer/Documents/Projects/App/pick-my-distro/backend/AdminPage/views.py changed, reloading.
INFO 2026-04-21 14:10:57,750 autoreload 8646 139903459670976 Watching for file changes with StatReloader
INFO 2026-04-21 14:23:12,771 autoreload 10430 140205575453632 Watching for file changes with StatReloader
INFO 2026-04-21 14:24:01,074 autoreload 10430 140205575453632 /home/winnoer/Documents/Projects/App/pick-my-distro/backend/picker/settings.py changed, reloading.
INFO 2026-04-21 14:24:01,424 autoreload 10542 140422627310528 Watching for file changes with StatReloader
INFO 2026-04-21 14:24:43,841 autoreload 10542 140422627310528 /home/winnoer/Documents/Projects/App/pick-my-distro/backend/AdminPage/views.py changed, reloading.
INFO 2026-04-21 14:24:44,219 autoreload 10622 140692444695488 Watching for file changes with StatReloader
INFO 2026-04-21 14:24:45,340 autoreload 10622 140692444695488 /home/winnoer/Documents/Projects/App/pick-my-distro/backend/AdminPage/views.py changed, reloading.
INFO 2026-04-21 14:24:45,726 autoreload 10632 140710626560960 Watching for file changes with StatReloader
INFO 2026-04-21 14:25:36,174 autoreload 10632 140710626560960 /home/winnoer/Documents/Projects/App/pick-my-distro/backend/AdminPage/views.py changed, reloading.
INFO 2026-04-21 14:25:36,614 autoreload 10699 139635616345024 Watching for file changes with StatReloader
INFO 2026-04-21 14:27:48,504 autoreload 10699 139635616345024 /home/winnoer/Documents/Projects/App/pick-my-distro/backend/AdminPage/views.py changed, reloading.
INFO 2026-04-21 14:27:48,929 autoreload 10868 139974995618752 Watching for file changes with StatReloader
INFO 2026-04-21 14:28:39,369 autoreload 10868 139974995618752 /home/winnoer/Documents/Projects/App/pick-my-distro/backend/picker/urls.py changed, reloading.
INFO 2026-04-21 14:28:39,756 autoreload 10943 140471016381376 Watching for file changes with StatReloader
INFO 2026-04-21 14:28:40,889 autoreload 10943 140471016381376 /home/winnoer/Documents/Projects/App/pick-my-distro/backend/picker/urls.py changed, reloading.
INFO 2026-04-21 14:28:41,304 autoreload 10953 140013451447232 Watching for file changes with StatReloader
INFO 2026-04-21 14:28:42,409 autoreload 10953 140013451447232 /home/winnoer/Documents/Projects/App/pick-my-distro/backend/picker/urls.py changed, reloading.
INFO 2026-04-21 14:28:42,769 autoreload 10961 139923347557312 Watching for file changes with StatReloader
INFO 2026-04-21 14:34:07,670 autoreload 10961 139923347557312 /home/winnoer/Documents/Projects/App/pick-my-distro/backend/picker/urls.py changed, reloading.
INFO 2026-04-21 14:34:08,052 autoreload 11637 140380062948288 Watching for file changes with StatReloader
INFO 2026-04-21 14:34:37,335 autoreload 11637 140380062948288 /home/winnoer/Documents/Projects/App/pick-my-distro/backend/picker/urls.py changed, reloading.
INFO 2026-04-21 14:34:37,748 autoreload 11702 140525492009920 Watching for file changes with StatReloader
INFO 2026-04-21 14:35:05,051 autoreload 11702 140525492009920 /home/winnoer/Documents/Projects/App/pick-my-distro/backend/picker/urls.py changed, reloading.
INFO 2026-04-21 14:35:05,602 autoreload 11774 140589683706816 Watching for file changes with StatReloader
WARNING 2026-04-21 14:35:11,094 log 11774 140589394892480 Not Found: /.well-known/appspecific/com.chrome.devtools.json
WARNING 2026-04-21 14:35:31,207 log 11774 140589394892480 Not Found: /.well-known/appspecific/com.chrome.devtools.json
WARNING 2026-04-21 14:35:40,814 log 11774 140589394892480 Not Found: /.well-known/appspecific/com.chrome.devtools.json
WARNING 2026-04-21 14:37:59,882 log 11774 140589394892480 Not Found: /.well-known/appspecific/com.chrome.devtools.json
WARNING 2026-04-21 14:40:32,594 log 11774 140589394892480 Not Found: /.well-known/appspecific/com.chrome.devtools.json
WARNING 2026-04-21 14:40:35,857 log 11774 140589394892480 Not Found: /.well-known/appspecific/com.chrome.devtools.json
INFO 2026-04-21 14:42:37,461 autoreload 11774 140589683706816 /home/winnoer/Documents/Projects/App/pick-my-distro/backend/picker/settings.py changed, reloading.
INFO 2026-04-21 14:42:38,006 autoreload 13621 139930890464192 Watching for file changes with StatReloader
INFO 2026-04-21 14:44:56,967 autoreload 13621 139930890464192 /home/winnoer/Documents/Projects/App/pick-my-distro/backend/picker/settings.py changed, reloading.
INFO 2026-04-21 14:44:57,394 autoreload 13700 139624303848384 Watching for file changes with StatReloader
WARNING 2026-04-21 14:45:02,558 log 13700 139624014005952 Not Found: /.well-known/appspecific/com.chrome.devtools.json
WARNING 2026-04-21 14:45:09,342 log 13700 139624014005952 Not Found: /.well-known/appspecific/com.chrome.devtools.json
INFO 2026-04-21 14:46:49,250 autoreload 13700 139624303848384 /home/winnoer/Documents/Projects/App/pick-my-distro/backend/picker/settings.py changed, reloading.
INFO 2026-04-21 14:50:26,503 autoreload 14019 139669441489856 Watching for file changes with StatReloader
WARNING 2026-04-21 14:50:30,265 log 14019 139669151647424 Not Found: /.well-known/appspecific/com.chrome.devtools.json
WARNING 2026-04-21 16:04:48,057 log 14019 139669142206144 Not Found: /.well-known/appspecific/com.chrome.devtools.json
WARNING 2026-04-21 16:06:48,564 log 14019 139669142206144 Not Found: /.well-known/appspecific/com.chrome.devtools.json
WARNING 2026-04-21 16:06:51,760 log 14019 139669142206144 Not Found: /.well-known/appspecific/com.chrome.devtools.json
INFO 2026-04-21 16:13:40,579 autoreload 14019 139669441489856 /home/winnoer/Documents/Projects/App/pick-my-distro/backend/picker/urls.py changed, reloading.
INFO 2026-04-21 16:13:40,960 autoreload 17234 140713382677440 Watching for file changes with StatReloader
INFO 2026-04-21 16:13:51,128 autoreload 17234 140713382677440 /home/winnoer/Documents/Projects/App/pick-my-distro/backend/AdminPage/urls.py changed, reloading.
INFO 2026-04-21 16:13:51,495 autoreload 17295 139759765814208 Watching for file changes with StatReloader
INFO 2026-04-21 16:13:57,645 autoreload 17295 139759765814208 /home/winnoer/Documents/Projects/App/pick-my-distro/backend/AdminPage/urls.py changed, reloading.
INFO 2026-04-21 16:13:58,017 autoreload 17333 140362204240832 Watching for file changes with StatReloader
WARNING 2026-04-21 16:14:01,362 log 17333 140361915401920 Not Found: /.well-known/appspecific/com.chrome.devtools.json
INFO 2026-04-21 16:15:03,587 autoreload 17333 140362204240832 /home/winnoer/Documents/Projects/App/pick-my-distro/backend/AdminPage/views.py changed, reloading.
INFO 2026-04-21 16:15:03,981 autoreload 17413 139921718381504 Watching for file changes with StatReloader
INFO 2026-04-21 16:15:20,201 autoreload 17413 139921718381504 /home/winnoer/Documents/Projects/App/pick-my-distro/backend/AdminPage/views.py changed, reloading.
INFO 2026-04-21 16:15:20,571 autoreload 17454 139869985467328 Watching for file changes with StatReloader
INFO 2026-04-21 16:15:23,680 autoreload 17454 139869985467328 /home/winnoer/Documents/Projects/App/pick-my-distro/backend/AdminPage/views.py changed, reloading.
INFO 2026-04-21 16:15:24,062 autoreload 17475 140716781521856 Watching for file changes with StatReloader
WARNING 2026-04-21 16:15:26,844 log 17475 140716492670656 Not Found: /.well-known/appspecific/com.chrome.devtools.json
INFO 2026-04-28 14:02:00,082 autoreload 8325 139633510587328 Watching for file changes with StatReloader
WARNING 2026-04-28 14:02:38,756 log 8325 139633221760704 Not Found: /favicon.ico
